mode: atomic
github.com/dgamo/dne/cmd/dne/main.go:31.13,32.41 1 0
github.com/dgamo/dne/cmd/dne/main.go:32.41,35.3 2 0
github.com/dgamo/dne/cmd/dne/main.go:38.31,43.39 5 0
github.com/dgamo/dne/cmd/dne/main.go:43.39,45.3 1 0
github.com/dgamo/dne/cmd/dne/main.go:46.2,46.18 1 0
github.com/dgamo/dne/cmd/dne/main.go:46.18,49.3 2 0
github.com/dgamo/dne/cmd/dne/main.go:50.2,50.39 1 0
github.com/dgamo/dne/cmd/dne/main.go:50.39,52.3 1 0
github.com/dgamo/dne/cmd/dne/main.go:54.2,66.59 6 0
github.com/dgamo/dne/cmd/dne/main.go:66.59,68.3 1 0
github.com/dgamo/dne/cmd/dne/main.go:70.2,71.30 2 0
github.com/dgamo/dne/cmd/dne/main.go:71.30,73.37 2 0
github.com/dgamo/dne/cmd/dne/main.go:73.37,75.4 1 0
github.com/dgamo/dne/cmd/dne/main.go:77.2,77.26 1 0
github.com/dgamo/dne/cmd/dne/main.go:77.26,81.3 1 0
github.com/dgamo/dne/cmd/dne/main.go:83.2,92.16 2 0
github.com/dgamo/dne/cmd/dne/main.go:92.16,94.3 1 0
github.com/dgamo/dne/cmd/dne/main.go:96.2,100.48 4 0
github.com/dgamo/dne/cmd/dne/main.go:100.48,102.3 1 0
github.com/dgamo/dne/cmd/dne/main.go:104.2,104.69 1 0
github.com/dgamo/dne/cmd/dne/main.go:104.69,106.3 1 0
github.com/dgamo/dne/cmd/dne/main.go:107.2,107.67 1 0
github.com/dgamo/dne/cmd/dne/main.go:107.67,109.3 1 0
github.com/dgamo/dne/cmd/dne/main.go:111.2,112.61 2 0
github.com/dgamo/dne/cmd/dne/main.go:112.61,114.3 1 0
github.com/dgamo/dne/cmd/dne/main.go:115.2,115.12 1 0
github.com/dgamo/dne/cmd/dne/main.go:122.39,123.48 1 0
github.com/dgamo/dne/cmd/dne/main.go:123.48,125.3 1 0
github.com/dgamo/dne/cmd/dne/main.go:126.2,126.11 1 0
github.com/dgamo/dne/cmd/dne/main.go:129.50,130.15 1 0
github.com/dgamo/dne/cmd/dne/main.go:131.15,132.28 1 0
github.com/dgamo/dne/cmd/dne/main.go:133.14,134.27 1 0
github.com/dgamo/dne/cmd/dne/main.go:135.15,136.28 1 0
github.com/dgamo/dne/cmd/dne/main.go:137.10,138.27 1 0
github.com/dgamo/dne/internal/config/config.go:31.24,41.2 1 16
github.com/dgamo/dne/internal/config/config.go:46.46,54.2 7 16
github.com/dgamo/dne/internal/config/config.go:58.35,59.28 1 14
github.com/dgamo/dne/internal/config/config.go:59.28,61.3 1 0
github.com/dgamo/dne/internal/config/config.go:62.2,63.32 2 14
github.com/dgamo/dne/internal/config/config.go:63.32,65.3 1 1
github.com/dgamo/dne/internal/config/config.go:66.2,66.31 1 13
github.com/dgamo/dne/internal/config/config.go:66.31,68.3 1 0
github.com/dgamo/dne/internal/config/config.go:69.2,69.20 1 13
github.com/dgamo/dne/internal/config/config.go:70.40,70.40 0 12
github.com/dgamo/dne/internal/config/config.go:71.10,72.87 1 1
github.com/dgamo/dne/internal/config/config.go:74.2,74.12 1 12
github.com/dgamo/dne/internal/config/config.go:79.49,83.39 4 16
github.com/dgamo/dne/internal/config/config.go:83.39,85.3 1 2
github.com/dgamo/dne/internal/config/config.go:86.2,86.39 1 14
github.com/dgamo/dne/internal/config/config.go:86.39,88.3 1 2
github.com/dgamo/dne/internal/config/config.go:89.2,89.17 1 12
github.com/dgamo/dne/internal/config/config.go:92.48,95.25 3 14
github.com/dgamo/dne/internal/config/config.go:95.25,97.15 2 15
github.com/dgamo/dne/internal/config/config.go:97.15,98.12 1 3
github.com/dgamo/dne/internal/config/config.go:100.3,100.30 1 12
github.com/dgamo/dne/internal/config/config.go:100.30,101.12 1 2
github.com/dgamo/dne/internal/config/config.go:103.3,104.24 2 10
github.com/dgamo/dne/internal/config/config.go:106.2,106.19 1 14
github.com/dgamo/dne/internal/config/config.go:106.19,108.3 1 9
github.com/dgamo/dne/internal/config/config.go:109.2,109.12 1 5
github.com/dgamo/dne/internal/config/config.go:119.61,121.2 1 16
github.com/dgamo/dne/internal/config/config.go:123.40,124.29 1 16
github.com/dgamo/dne/internal/config/config.go:124.29,126.3 1 16
github.com/dgamo/dne/internal/config/config.go:127.2,127.14 1 0
github.com/dgamo/dne/internal/config/config.go:130.44,132.13 2 6
github.com/dgamo/dne/internal/config/config.go:132.13,136.3 3 1
github.com/dgamo/dne/internal/config/config.go:137.2,138.16 2 5
github.com/dgamo/dne/internal/config/config.go:138.16,140.3 1 1
github.com/dgamo/dne/internal/config/config.go:141.2,143.12 3 4
github.com/dgamo/dne/internal/config/config.go:146.38,146.64 1 1
github.com/dgamo/dne/internal/config/config.go:149.43,151.2 1 1
github.com/dgamo/dne/internal/config/config.go:154.39,156.2 1 6
github.com/dgamo/dne/internal/cert/parse.go:41.36,41.82 1 0
github.com/dgamo/dne/internal/cert/parse.go:42.36,42.52 1 0
github.com/dgamo/dne/internal/cert/parse.go:53.79,54.20 1 10
github.com/dgamo/dne/internal/cert/parse.go:54.20,56.3 1 2
github.com/dgamo/dne/internal/cert/parse.go:58.2,59.22 2 8
github.com/dgamo/dne/internal/cert/parse.go:59.22,61.3 1 13
github.com/dgamo/dne/internal/cert/parse.go:62.2,67.27 4 8
github.com/dgamo/dne/internal/cert/parse.go:67.27,69.21 2 13
github.com/dgamo/dne/internal/cert/parse.go:69.21,71.4 1 7
github.com/dgamo/dne/internal/cert/parse.go:72.3,72.34 1 13
github.com/dgamo/dne/internal/cert/parse.go:75.2,75.19 1 8
github.com/dgamo/dne/internal/cert/parse.go:75.19,77.3 1 2
github.com/dgamo/dne/internal/cert/parse.go:78.2,78.18 1 8
github.com/dgamo/dne/internal/cert/parse.go:81.72,82.21 1 13
github.com/dgamo/dne/internal/cert/parse.go:82.21,84.3 1 0
github.com/dgamo/dne/internal/cert/parse.go:86.2,93.6 2 13
github.com/dgamo/dne/internal/cert/parse.go:93.6,96.19 3 24
github.com/dgamo/dne/internal/cert/parse.go:96.19,98.4 1 13
github.com/dgamo/dne/internal/cert/parse.go:99.3,99.41 1 11
github.com/dgamo/dne/internal/cert/parse.go:99.41,100.12 1 2
github.com/dgamo/dne/internal/cert/parse.go:102.3,103.17 2 9
github.com/dgamo/dne/internal/cert/parse.go:103.17,106.12 3 1
github.com/dgamo/dne/internal/cert/parse.go:108.3,109.8 2 8
github.com/dgamo/dne/internal/cert/parse.go:113.69,126.2 3 8
github.com/dgamo/dne/internal/cert/parse.go:128.47,129.27 1 8
github.com/dgamo/dne/internal/cert/parse.go:129.27,131.3 1 0
github.com/dgamo/dne/internal/cert/parse.go:132.2,132.32 1 8
github.com/dgamo/dne/internal/cert/parse.go:136.43,138.2 1 1
github.com/dgamo/dne/internal/testutil/certs.go:45.60,49.16 3 0
github.com/dgamo/dne/internal/testutil/certs.go:49.16,51.3 1 0
github.com/dgamo/dne/internal/testutil/certs.go:53.2,54.40 2 0
github.com/dgamo/dne/internal/testutil/certs.go:54.40,56.3 1 0
github.com/dgamo/dne/internal/testutil/certs.go:57.2,57.14 1 0
github.com/dgamo/dne/internal/testutil/certs.go:57.14,59.3 1 0
github.com/dgamo/dne/internal/testutil/certs.go:61.2,62.24 2 0
github.com/dgamo/dne/internal/testutil/certs.go:62.24,64.3 1 0
github.com/dgamo/dne/internal/testutil/certs.go:65.2,66.23 2 0
github.com/dgamo/dne/internal/testutil/certs.go:66.23,68.3 1 0
github.com/dgamo/dne/internal/testutil/certs.go:69.2,70.19 2 0
github.com/dgamo/dne/internal/testutil/certs.go:70.19,72.17 2 0
github.com/dgamo/dne/internal/testutil/certs.go:72.17,74.4 1 0
github.com/dgamo/dne/internal/testutil/certs.go:75.3,75.13 1 0
github.com/dgamo/dne/internal/testutil/certs.go:78.2,92.24 4 0
github.com/dgamo/dne/internal/testutil/certs.go:92.24,95.3 2 0
github.com/dgamo/dne/internal/testutil/certs.go:97.2,98.16 2 0
github.com/dgamo/dne/internal/testutil/certs.go:98.16,100.3 1 0
github.com/dgamo/dne/internal/testutil/certs.go:101.2,102.16 2 0
github.com/dgamo/dne/internal/testutil/certs.go:102.16,104.3 1 0
github.com/dgamo/dne/internal/testutil/certs.go:105.2,106.58 2 0
github.com/dgamo/dne/internal/testutil/certs.go:112.44,114.26 2 0
github.com/dgamo/dne/internal/testutil/certs.go:114.26,116.3 1 0
github.com/dgamo/dne/internal/testutil/certs.go:117.2,117.12 1 0
github.com/dgamo/dne/internal/testutil/certs.go:123.28,125.2 1 0
github.com/dgamo/dne/internal/testutil/certs.go:129.64,132.16 3 0
github.com/dgamo/dne/internal/testutil/certs.go:132.16,134.3 1 0
github.com/dgamo/dne/internal/testutil/certs.go:135.2,135.72 1 0
github.com/dgamo/dne/internal/testutil/certs.go:139.54,142.16 3 0
github.com/dgamo/dne/internal/testutil/certs.go:142.16,144.3 1 0
github.com/dgamo/dne/internal/testutil/certs.go:145.2,145.11 1 0
github.com/dgamo/dne/internal/testutil/certs.go:150.49,152.2 1 0
github.com/dgamo/dne/internal/metrics/metrics.go:40.47,65.2 3 8
github.com/dgamo/dne/internal/metrics/tracker.go:28.51,35.2 1 342
github.com/dgamo/dne/internal/metrics/tracker.go:37.51,44.2 6 114
github.com/dgamo/dne/internal/metrics/tracker.go:60.41,65.2 1 8
github.com/dgamo/dne/internal/metrics/tracker.go:73.85,80.22 5 111
github.com/dgamo/dne/internal/metrics/tracker.go:80.22,81.35 1 6
github.com/dgamo/dne/internal/metrics/tracker.go:81.35,83.4 1 3
github.com/dgamo/dne/internal/metrics/tracker.go:85.2,85.25 1 111
github.com/dgamo/dne/internal/metrics/tracker.go:85.25,87.3 1 111
github.com/dgamo/dne/internal/metrics/tracker.go:88.2,88.23 1 111
github.com/dgamo/dne/internal/metrics/tracker.go:88.23,90.3 1 1
github.com/dgamo/dne/internal/metrics/tracker.go:90.8,92.3 1 110
github.com/dgamo/dne/internal/metrics/tracker.go:97.55,101.37 3 102
github.com/dgamo/dne/internal/metrics/tracker.go:101.37,107.3 2 46
github.com/dgamo/dne/internal/metrics/tracker.go:108.2,109.27 2 56
github.com/dgamo/dne/internal/metrics/tracker.go:114.33,118.2 3 4
github.com/dgamo/dne/internal/metrics/tracker.go:120.58,125.2 4 102
github.com/dgamo/dne/internal/metrics/tracker.go:127.78,133.16 2 111
github.com/dgamo/dne/internal/metrics/tracker.go:133.16,135.3 1 0
github.com/dgamo/dne/internal/metrics/tracker.go:136.2,137.35 2 111
github.com/dgamo/dne/internal/metrics/tracker.go:137.35,139.3 1 0
github.com/dgamo/dne/internal/metrics/tracker.go:140.2,143.40 4 111
github.com/dgamo/dne/internal/metrics/tracker.go:146.45,150.2 3 3
github.com/dgamo/dne/internal/metrics/tracker.go:152.105,154.33 2 111
github.com/dgamo/dne/internal/metrics/tracker.go:154.33,155.28 1 110
github.com/dgamo/dne/internal/metrics/tracker.go:155.28,166.4 1 111
github.com/dgamo/dne/internal/metrics/tracker.go:168.2,168.12 1 111
github.com/dgamo/dne/internal/controller/secret_controller.go:33.108,37.68 3 7
github.com/dgamo/dne/internal/controller/secret_controller.go:37.68,38.32 1 2
github.com/dgamo/dne/internal/controller/secret_controller.go:38.32,43.4 4 2
github.com/dgamo/dne/internal/controller/secret_controller.go:44.3,45.33 2 0
github.com/dgamo/dne/internal/controller/secret_controller.go:48.2,49.25 2 5
github.com/dgamo/dne/internal/controller/secret_controller.go:49.25,52.3 2 1
github.com/dgamo/dne/internal/controller/secret_controller.go:53.2,55.32 3 5
github.com/dgamo/dne/internal/controller/secret_controller.go:59.72,65.2 1 4
